2017-12-03 18:39:06,487 - SimpleLog4JLogSystem initialized using logfile 'velocity.log'
2017-12-03 18:39:06,487 - ************************************************************** 
2017-12-03 18:39:06,487 - Starting Jakarta Velocity v1.4
2017-12-03 18:39:06,487 - RuntimeInstance initializing.
2017-12-03 18:39:06,487 - Default Properties File: org\apache\velocity\runtime\defaults\velocity.properties
2017-12-03 18:39:06,487 - Trying to use logger class org.apache.velocity.runtime.log.SimpleLog4JLogSystem
2017-12-03 18:39:06,487 - Using logger class org.apache.velocity.runtime.log.SimpleLog4JLogSystem
2017-12-03 18:39:06,487 - Default ResourceManager initializing. (class org.apache.velocity.runtime.resource.ResourceManagerImpl)
2017-12-03 18:39:06,487 - Resource Loader Instantiated: org.apache.velocity.runtime.resource.loader.ClasspathResourceLoader
2017-12-03 18:39:06,487 - ClasspathResourceLoader : initialization starting.
2017-12-03 18:39:06,487 - ClasspathResourceLoader : initialization complete.
2017-12-03 18:39:06,487 - ResourceCache : initialized. (class org.apache.velocity.runtime.resource.ResourceCacheImpl)
2017-12-03 18:39:06,487 - Default ResourceManager initialization complete.
2017-12-03 18:39:06,487 - Loaded System Directive: org.apache.velocity.runtime.directive.Literal
2017-12-03 18:39:06,487 - Loaded System Directive: org.apache.velocity.runtime.directive.Macro
2017-12-03 18:39:06,503 - Loaded System Directive: org.apache.velocity.runtime.directive.Parse
2017-12-03 18:39:06,503 - Loaded System Directive: org.apache.velocity.runtime.directive.Include
2017-12-03 18:39:06,503 - Loaded System Directive: org.apache.velocity.runtime.directive.Foreach
2017-12-03 18:39:06,519 - Created: 20 parsers.
2017-12-03 18:39:06,519 - Velocimacro : initialization starting.
2017-12-03 18:39:06,519 - Velocimacro : adding VMs from VM library template : VM_global_library.vm
2017-12-03 18:39:06,534 - ResourceManager : unable to find resource 'VM_global_library.vm' in any resource loader.
2017-12-03 18:39:06,534 - Velocimacro : error using  VM library template VM_global_library.vm : org.apache.velocity.exception.ResourceNotFoundException: Unable to find resource 'VM_global_library.vm'
2017-12-03 18:39:06,534 - Velocimacro :  VM library template macro registration complete.
2017-12-03 18:39:06,534 - Velocimacro : allowInline = true : VMs can be defined inline in templates
2017-12-03 18:39:06,534 - Velocimacro : allowInlineToOverride = false : VMs defined inline may NOT replace previous VM definitions
2017-12-03 18:39:06,534 - Velocimacro : allowInlineLocal = false : VMs defined inline will be  global in scope if allowed.
2017-12-03 18:39:06,534 - Velocimacro : messages on  : VM system will output logging messages
2017-12-03 18:39:06,534 - Velocimacro : autoload off  : VM system will not automatically reload global library macros
2017-12-03 18:39:06,534 - Velocimacro : initialization complete.
2017-12-03 18:39:06,534 - Velocity successfully started.
